
ROM used:   2523/8192 (31%)
            2588/8192 (32%) including unused fragments

            1.9 Average locations per line
            10.9 Average locations per statement

RAM used:   77/368 (21%) at main() level
            105/368 (29%) worst case

Stack used: 7 worst case (7 in main + 0 for interrupts)
Stack size: 8

Lines Stmts  %   Files
----- ----- ---  -----
  263   148  64  PIZ.c
  620     0   0  C:\Program Files\PICC\Devices\16f876a.h
  456    84  36  C:\Program Files\PICC\Drivers\lcd.c
----- -----
 1339   232 Total

Page ROM  %  RAM   Vol Diff  Functions:
---- --- --- ---   --- ----  ----------
0     21   1    1             @delay_ms1
 Inline         3   596  5.9  lcd_read_byte
0      6   0    0    59  4.2  lcd_read_nibble
0     20   1    1   181  3.9  lcd_send_nibble
0     97   4    3   415  3.7  lcd_send_byte
0     77   3    6   770  7.2  lcd_init
0     20   1    4   208  6.3  lcd_gotoxy
0     50   2    1   354  4.7  lcd_putc
0     29   1    0   130  1.8  Pitido
0    167   7    1  1249  1.9  Animacion
0      9   0    0             @const651
0     86   3    4             @PSTRINGC7_627
0      9   0    0             @const653
0      9   0    0             @const654
0      9   0    0             @const655
0      9   0    0             @const656
0      9   0    0             @const657
0      9   0    0             @const658
0      9   0    0             @const659
0      9   0    0             @const660
0      9   0    0             @const661
0      9   0    0             @const662
0    312  12    4    61  2.3  LeerADC
 Inline         2             @ITOF
0    134   5   13             @MULFF
 Inline        14             @DIVFF
 Inline         2    70  2.0  Mostrar1
0     12   0    0             @const674
0     87   3    5             @PSTRINGCN7_627
0     21   1    3             @DIV88
0     87   3    6             @PRINTF_D0_627
 Inline         5             @FTOSD
0     81   3   13             @DIV3232
0    232   9   13             @PRINTF_L32D_627FPFPF
 Inline         2    70  2.0  Mostrar2
0     12   0    0             @const692
0    126   5    0   156  2.3  Exceso
 Inline        10             @FLT
0      9   0    0             @const697
0     10   0    0             @const698
0     50   2    0   149  2.1  Pediluvio
0      9   0    0             @const700
0     10   0    0             @const701
0     70   3    1   511  3.7  Estado
0      9   0    0             @const703
1    339  13    1  1427  5.8  PediluvioOperando
0      9   0    0             @const705
0      9   0    0             @const706
0      9   0    0             @const707
0      9   0    0             @const708
1    201   8    0   407  3.3  MAIN
 Inline         0             @cinit1

Program metrics:
    Functions               17
    Statements              232
    Comments                272
    Volume (V)              11271
    Difficulty (D)          58.5
    Effort to implement (E) 659580
    Time to implement (T)   10 hours, 11 minutes
    Est Delivered Bugs (B)  3
    Cyclomatic Complexity   19
    Maintainability (MI)    90

 Segment     Used  Free
-----------  ----  ----
00000-00003     4  0  
00004-007FF  1979  65  
00800-00FFF   540  1508  
01000-017FF     0  2048  
01800-01FFF     0  2048  



